<?xml version="1.0" encoding="utf-8"?>
<testsuites>
<testsuite package="org.eslint" time="0" tests="32" errors="32" name="/projects/challenge/test/bootstrap.test.js">
<testcase time="0" name="org.eslint.no-var"><failure message="Unexpected var, use let or const instead."><![CDATA[line 1, col 1, Error - Unexpected var, use let or const instead. (no-var)]]></failure></testcase>
<testcase time="0" name="org.eslint.quotes"><failure message="Strings must use doublequote."><![CDATA[line 1, col 21, Error - Strings must use doublequote. (quotes)]]></failure></testcase>
<testcase time="0" name="org.eslint.no-var"><failure message="Unexpected var, use let or const instead."><![CDATA[line 2, col 1, Error - Unexpected var, use let or const instead. (no-var)]]></failure></testcase>
<testcase time="0" name="org.eslint.quotes"><failure message="Strings must use doublequote."><![CDATA[line 2, col 23, Error - Strings must use doublequote. (quotes)]]></failure></testcase>
<testcase time="0" name="org.eslint.import/newline-after-import"><failure message="Expected 1 empty line after require statement not followed by another require."><![CDATA[line 3, col 1, Error - Expected 1 empty line after require statement not followed by another require. (import/newline-after-import)]]></failure></testcase>
<testcase time="0" name="org.eslint.quotes"><failure message="Strings must use doublequote."><![CDATA[line 3, col 23, Error - Strings must use doublequote. (quotes)]]></failure></testcase>
<testcase time="0" name="org.eslint.no-undef"><failure message="&apos;chai&apos; is not defined."><![CDATA[line 4, col 17, Error - &apos;chai&apos; is not defined. (no-undef)]]></failure></testcase>
<testcase time="0" name="org.eslint.quotes"><failure message="Strings must use doublequote."><![CDATA[line 6, col 9, Error - Strings must use doublequote. (quotes)]]></failure></testcase>
<testcase time="0" name="org.eslint.no-undef"><failure message="&apos;before&apos; is not defined."><![CDATA[line 8, col 1, Error - &apos;before&apos; is not defined. (no-undef)]]></failure></testcase>
<testcase time="0" name="org.eslint.prefer-arrow-callback"><failure message="Unexpected function expression."><![CDATA[line 8, col 8, Error - Unexpected function expression. (prefer-arrow-callback)]]></failure></testcase>
<testcase time="0" name="org.eslint.func-names"><failure message="Unexpected unnamed function."><![CDATA[line 8, col 8, Warning - Unexpected unnamed function. (func-names)]]></failure></testcase>
<testcase time="0" name="org.eslint.space-before-function-paren"><failure message="Missing space before function parentheses."><![CDATA[line 8, col 16, Error - Missing space before function parentheses. (space-before-function-paren)]]></failure></testcase>
<testcase time="0" name="org.eslint.padded-blocks"><failure message="Block must not be padded by blank lines."><![CDATA[line 8, col 23, Error - Block must not be padded by blank lines. (padded-blocks)]]></failure></testcase>
<testcase time="0" name="org.eslint.quotes"><failure message="Strings must use doublequote."><![CDATA[line 12, col 14, Error - Strings must use doublequote. (quotes)]]></failure></testcase>
<testcase time="0" name="org.eslint.comma-dangle"><failure message="Missing trailing comma."><![CDATA[line 12, col 21, Error - Missing trailing comma. (comma-dangle)]]></failure></testcase>
<testcase time="0" name="org.eslint.quotes"><failure message="Strings must use doublequote."><![CDATA[line 15, col 19, Error - Strings must use doublequote. (quotes)]]></failure></testcase>
<testcase time="0" name="org.eslint.quotes"><failure message="Strings must use doublequote."><![CDATA[line 16, col 16, Error - Strings must use doublequote. (quotes)]]></failure></testcase>
<testcase time="0" name="org.eslint.comma-dangle"><failure message="Missing trailing comma."><![CDATA[line 16, col 22, Error - Missing trailing comma. (comma-dangle)]]></failure></testcase>
<testcase time="0" name="org.eslint.comma-dangle"><failure message="Missing trailing comma."><![CDATA[line 17, col 6, Error - Missing trailing comma. (comma-dangle)]]></failure></testcase>
<testcase time="0" name="org.eslint.prefer-arrow-callback"><failure message="Unexpected function expression."><![CDATA[line 18, col 6, Error - Unexpected function expression. (prefer-arrow-callback)]]></failure></testcase>
<testcase time="0" name="org.eslint.func-names"><failure message="Unexpected unnamed function."><![CDATA[line 18, col 6, Warning - Unexpected unnamed function. (func-names)]]></failure></testcase>
<testcase time="0" name="org.eslint.space-before-function-paren"><failure message="Missing space before function parentheses."><![CDATA[line 18, col 14, Error - Missing space before function parentheses. (space-before-function-paren)]]></failure></testcase>
<testcase time="0" name="org.eslint.curly"><failure message="Expected { after &apos;if&apos; condition."><![CDATA[line 19, col 5, Error - Expected { after &apos;if&apos; condition. (curly)]]></failure></testcase>
<testcase time="0" name="org.eslint.no-else-return"><failure message="Unnecessary &apos;else&apos; after &apos;return&apos;."><![CDATA[line 21, col 10, Error - Unnecessary &apos;else&apos; after &apos;return&apos;. (no-else-return)]]></failure></testcase>
<testcase time="0" name="org.eslint.no-var"><failure message="Unexpected var, use let or const instead."><![CDATA[line 22, col 7, Error - Unexpected var, use let or const instead. (no-var)]]></failure></testcase>
<testcase time="0" name="org.eslint.vars-on-top"><failure message="All &apos;var&apos; declarations must be at the top of the function scope."><![CDATA[line 22, col 7, Error - All &apos;var&apos; declarations must be at the top of the function scope. (vars-on-top)]]></failure></testcase>
<testcase time="0" name="org.eslint.no-undef"><failure message="&apos;fixtures&apos; is not defined."><![CDATA[line 23, col 7, Error - &apos;fixtures&apos; is not defined. (no-undef)]]></failure></testcase>
<testcase time="0" name="org.eslint.no-undef"><failure message="&apos;after&apos; is not defined."><![CDATA[line 30, col 1, Error - &apos;after&apos; is not defined. (no-undef)]]></failure></testcase>
<testcase time="0" name="org.eslint.func-names"><failure message="Unexpected unnamed function."><![CDATA[line 30, col 7, Warning - Unexpected unnamed function. (func-names)]]></failure></testcase>
<testcase time="0" name="org.eslint.prefer-arrow-callback"><failure message="Unexpected function expression."><![CDATA[line 30, col 7, Error - Unexpected function expression. (prefer-arrow-callback)]]></failure></testcase>
<testcase time="0" name="org.eslint.space-before-function-paren"><failure message="Missing space before function parentheses."><![CDATA[line 30, col 15, Error - Missing space before function parentheses. (space-before-function-paren)]]></failure></testcase>
<testcase time="0" name="org.eslint.no-console"><failure message="Unexpected console statement."><![CDATA[line 31, col 3, Warning - Unexpected console statement. (no-console)]]></failure></testcase>
</testsuite>
<testsuite package="org.eslint" time="0" tests="1" errors="0" name="/projects/challenge/test/controllers/AccessoriesController.test.js">
<testcase time="0" name="/projects/challenge/test/controllers/AccessoriesController.test.js" />
</testsuite>
<testsuite package="org.eslint" time="0" tests="1" errors="0" name="/projects/challenge/test/controllers/CarsController.test.js">
<testcase time="0" name="/projects/challenge/test/controllers/CarsController.test.js" />
</testsuite>
<testsuite package="org.eslint" time="0" tests="1" errors="0" name="/projects/challenge/test/controllers/ManufacturerController.test.js">
<testcase time="0" name="/projects/challenge/test/controllers/ManufacturerController.test.js" />
</testsuite>
<testsuite package="org.eslint" time="0" tests="30" errors="30" name="/projects/challenge/test/controllers/SegmentController.test.js">
<testcase time="0" name="org.eslint.no-var"><failure message="Unexpected var, use let or const instead."><![CDATA[line 1, col 1, Error - Unexpected var, use let or const instead. (no-var)]]></failure></testcase>
<testcase time="0" name="org.eslint.quotes"><failure message="Strings must use doublequote."><![CDATA[line 1, col 25, Error - Strings must use doublequote. (quotes)]]></failure></testcase>
<testcase time="0" name="org.eslint.no-var"><failure message="Unexpected var, use let or const instead."><![CDATA[line 2, col 1, Error - Unexpected var, use let or const instead. (no-var)]]></failure></testcase>
<testcase time="0" name="org.eslint.no-unused-vars"><failure message="&apos;assert&apos; is assigned a value but never used."><![CDATA[line 2, col 5, Error - &apos;assert&apos; is assigned a value but never used. (no-unused-vars)]]></failure></testcase>
<testcase time="0" name="org.eslint.quotes"><failure message="Strings must use doublequote."><![CDATA[line 2, col 22, Error - Strings must use doublequote. (quotes)]]></failure></testcase>
<testcase time="0" name="org.eslint.no-var"><failure message="Unexpected var, use let or const instead."><![CDATA[line 4, col 1, Error - Unexpected var, use let or const instead. (no-var)]]></failure></testcase>
<testcase time="0" name="org.eslint.no-unused-vars"><failure message="&apos;createdSegment&apos; is defined but never used."><![CDATA[line 4, col 5, Error - &apos;createdSegment&apos; is defined but never used. (no-unused-vars)]]></failure></testcase>
<testcase time="0" name="org.eslint.quotes"><failure message="Strings must use doublequote."><![CDATA[line 5, col 9, Error - Strings must use doublequote. (quotes)]]></failure></testcase>
<testcase time="0" name="org.eslint.no-undef"><failure message="&apos;describe&apos; is not defined."><![CDATA[line 7, col 1, Error - &apos;describe&apos; is not defined. (no-undef)]]></failure></testcase>
<testcase time="0" name="org.eslint.quotes"><failure message="Strings must use doublequote."><![CDATA[line 7, col 10, Error - Strings must use doublequote. (quotes)]]></failure></testcase>
<testcase time="0" name="org.eslint.prefer-arrow-callback"><failure message="Unexpected function expression."><![CDATA[line 7, col 32, Error - Unexpected function expression. (prefer-arrow-callback)]]></failure></testcase>
<testcase time="0" name="org.eslint.func-names"><failure message="Unexpected unnamed function."><![CDATA[line 7, col 32, Warning - Unexpected unnamed function. (func-names)]]></failure></testcase>
<testcase time="0" name="org.eslint.space-before-function-paren"><failure message="Missing space before function parentheses."><![CDATA[line 7, col 40, Error - Missing space before function parentheses. (space-before-function-paren)]]></failure></testcase>
<testcase time="0" name="org.eslint.no-undef"><failure message="&apos;it&apos; is not defined."><![CDATA[line 8, col 3, Error - &apos;it&apos; is not defined. (no-undef)]]></failure></testcase>
<testcase time="0" name="org.eslint.quotes"><failure message="Strings must use doublequote."><![CDATA[line 8, col 6, Error - Strings must use doublequote. (quotes)]]></failure></testcase>
<testcase time="0" name="org.eslint.func-names"><failure message="Unexpected unnamed function."><![CDATA[line 8, col 22, Warning - Unexpected unnamed function. (func-names)]]></failure></testcase>
<testcase time="0" name="org.eslint.prefer-arrow-callback"><failure message="Unexpected function expression."><![CDATA[line 8, col 22, Error - Unexpected function expression. (prefer-arrow-callback)]]></failure></testcase>
<testcase time="0" name="org.eslint.space-before-function-paren"><failure message="Missing space before function parentheses."><![CDATA[line 8, col 30, Error - Missing space before function parentheses. (space-before-function-paren)]]></failure></testcase>
<testcase time="0" name="org.eslint.no-var"><failure message="Unexpected var, use let or const instead."><![CDATA[line 9, col 5, Error - Unexpected var, use let or const instead. (no-var)]]></failure></testcase>
<testcase time="0" name="org.eslint.no-undef"><failure message="&apos;sails&apos; is not defined."><![CDATA[line 9, col 33, Error - &apos;sails&apos; is not defined. (no-undef)]]></failure></testcase>
<testcase time="0" name="org.eslint.quotes"><failure message="Strings must use doublequote."><![CDATA[line 11, col 12, Error - Strings must use doublequote. (quotes)]]></failure></testcase>
<testcase time="0" name="org.eslint.func-names"><failure message="Unexpected unnamed function."><![CDATA[line 14, col 12, Warning - Unexpected unnamed function. (func-names)]]></failure></testcase>
<testcase time="0" name="org.eslint.prefer-arrow-callback"><failure message="Unexpected function expression."><![CDATA[line 14, col 12, Error - Unexpected function expression. (prefer-arrow-callback)]]></failure></testcase>
<testcase time="0" name="org.eslint.space-before-function-paren"><failure message="Missing space before function parentheses."><![CDATA[line 14, col 20, Error - Missing space before function parentheses. (space-before-function-paren)]]></failure></testcase>
<testcase time="0" name="org.eslint.no-console"><failure message="Unexpected console statement."><![CDATA[line 19, col 11, Warning - Unexpected console statement. (no-console)]]></failure></testcase>
<testcase time="0" name="org.eslint.no-undef"><failure message="&apos;fixtures&apos; is not defined."><![CDATA[line 19, col 38, Error - &apos;fixtures&apos; is not defined. (no-undef)]]></failure></testcase>
<testcase time="0" name="org.eslint.comma-spacing"><failure message="A space is required after &apos;,&apos;."><![CDATA[line 19, col 46, Error - A space is required after &apos;,&apos;. (comma-spacing)]]></failure></testcase>
<testcase time="0" name="org.eslint.comma-spacing"><failure message="A space is required after &apos;,&apos;."><![CDATA[line 19, col 51, Error - A space is required after &apos;,&apos;. (comma-spacing)]]></failure></testcase>
<testcase time="0" name="org.eslint.padded-blocks"><failure message="Block must not be padded by blank lines."><![CDATA[line 41, col 1, Error - Block must not be padded by blank lines. (padded-blocks)]]></failure></testcase>
<testcase time="0" name="org.eslint.eol-last"><failure message="Newline required at end of file but not found."><![CDATA[line 41, col 4, Error - Newline required at end of file but not found. (eol-last)]]></failure></testcase>
</testsuite>
<testsuite package="org.eslint" time="0" tests="1" errors="0" name="/projects/challenge/test/controllers/VarientController.test.js">
<testcase time="0" name="/projects/challenge/test/controllers/VarientController.test.js" />
</testsuite>
<testsuite package="org.eslint" time="0" tests="1" errors="0" name="/projects/challenge/test/models/Accessories.test.js">
<testcase time="0" name="/projects/challenge/test/models/Accessories.test.js" />
</testsuite>
<testsuite package="org.eslint" time="0" tests="1" errors="0" name="/projects/challenge/test/models/Cars.test.js">
<testcase time="0" name="/projects/challenge/test/models/Cars.test.js" />
</testsuite>
<testsuite package="org.eslint" time="0" tests="1" errors="0" name="/projects/challenge/test/models/Manufacturer.test.js">
<testcase time="0" name="/projects/challenge/test/models/Manufacturer.test.js" />
</testsuite>
<testsuite package="org.eslint" time="0" tests="1" errors="0" name="/projects/challenge/test/models/Segment.test.js">
<testcase time="0" name="/projects/challenge/test/models/Segment.test.js" />
</testsuite>
<testsuite package="org.eslint" time="0" tests="1" errors="0" name="/projects/challenge/test/models/Varient.test.js">
<testcase time="0" name="/projects/challenge/test/models/Varient.test.js" />
</testsuite>
</testsuites>
